<?xml version="1.0" encoding="UTF-8"?>
<testng-results skipped="0" failed="0" ignored="0" total="1" passed="1">
  <reporter-output>
  </reporter-output>
  <suite name="Default suite" duration-ms="22482" started-at="2019-12-28T15:02:26 EST" finished-at="2019-12-28T15:02:49 EST">
    <groups>
    </groups>
    <test name="Default test" duration-ms="22482" started-at="2019-12-28T15:02:26 EST" finished-at="2019-12-28T15:02:49 EST">
      <class name="com.noorteck.qa.tests.TasksPageTest">
        <test-method status="PASS" signature="setUp()[pri:0, instance:com.noorteck.qa.tests.TasksPageTest@79be0360]" name="setUp" is-config="true" duration-ms="10432" started-at="2019-12-28T15:02:26 EST" finished-at="2019-12-28T15:02:37 EST">
          <reporter-output>
          </reporter-output>
        </test-method> <!-- setUp -->
        <test-method status="PASS" signature="tasksPageCreateNewTask()[pri:0, instance:com.noorteck.qa.tests.TasksPageTest@79be0360]" name="tasksPageCreateNewTask" duration-ms="7988" started-at="2019-12-28T15:02:37 EST" finished-at="2019-12-28T15:02:45 EST">
          <reporter-output>
          </reporter-output>
        </test-method> <!-- tasksPageCreateNewTask -->
        <test-method status="PASS" signature="tearDown()[pri:0, instance:com.noorteck.qa.tests.TasksPageTest@79be0360]" name="tearDown" is-config="true" duration-ms="3967" started-at="2019-12-28T15:02:45 EST" finished-at="2019-12-28T15:02:49 EST">
          <reporter-output>
          </reporter-output>
        </test-method> <!-- tearDown -->
      </class> <!-- com.noorteck.qa.tests.TasksPageTest -->
    </test> <!-- Default test -->
  </suite> <!-- Default suite -->
</testng-results>
